{"C:\\Users\\ABC\\Desktop\\laibazahid-mern-10pshine\\backend\\server.js":{"path":"C:\\Users\\ABC\\Desktop\\laibazahid-mern-10pshine\\backend\\server.js","statementMap":{"0":{"start":{"line":1,"column":16},"end":{"line":1,"column":34}},"1":{"start":{"line":2,"column":13},"end":{"line":2,"column":28}},"2":{"start":{"line":3,"column":15},"end":{"line":3,"column":32}},"3":{"start":{"line":4,"column":18},"end":{"line":4,"column":40}},"4":{"start":{"line":5,"column":19},"end":{"line":5,"column":49}},"5":{"start":{"line":6,"column":19},"end":{"line":6,"column":49}},"6":{"start":{"line":7,"column":19},"end":{"line":7,"column":49}},"7":{"start":{"line":8,"column":17},"end":{"line":8,"column":37}},"8":{"start":{"line":9,"column":15},"end":{"line":9,"column":40}},"9":{"start":{"line":11,"column":0},"end":{"line":11,"column":16}},"10":{"start":{"line":13,"column":12},"end":{"line":13,"column":21}},"11":{"start":{"line":16,"column":0},"end":{"line":16,"column":30}},"12":{"start":{"line":18,"column":0},"end":{"line":18,"column":16}},"13":{"start":{"line":19,"column":0},"end":{"line":19,"column":24}},"14":{"start":{"line":22,"column":0},"end":{"line":22,"column":33}},"15":{"start":{"line":23,"column":0},"end":{"line":23,"column":34}},"16":{"start":{"line":24,"column":0},"end":{"line":24,"column":34}},"17":{"start":{"line":27,"column":13},"end":{"line":27,"column":37}},"18":{"start":{"line":29,"column":0},"end":{"line":37,"column":1}},"19":{"start":{"line":30,"column":2},"end":{"line":34,"column":5}},"20":{"start":{"line":31,"column":4},"end":{"line":33,"column":6}},"21":{"start":{"line":32,"column":6},"end":{"line":32,"column":66}},"22":{"start":{"line":36,"column":2},"end":{"line":36,"column":23}}},"fnMap":{"0":{"name":"(anonymous_0)","decl":{"start":{"line":30,"column":19},"end":{"line":30,"column":20}},"loc":{"start":{"line":30,"column":25},"end":{"line":34,"column":3}},"line":30},"1":{"name":"(anonymous_1)","decl":{"start":{"line":31,"column":32},"end":{"line":31,"column":33}},"loc":{"start":{"line":32,"column":6},"end":{"line":32,"column":66}},"line":32}},"branchMap":{"0":{"loc":{"start":{"line":27,"column":13},"end":{"line":27,"column":37}},"type":"binary-expr","locations":[{"start":{"line":27,"column":13},"end":{"line":27,"column":29}},{"start":{"line":27,"column":33},"end":{"line":27,"column":37}}],"line":27},"1":{"loc":{"start":{"line":29,"column":0},"end":{"line":37,"column":1}},"type":"if","locations":[{"start":{"line":29,"column":0},"end":{"line":37,"column":1}},{"start":{"line":35,"column":7},"end":{"line":37,"column":1}}],"line":29}},"s":{"0":1,"1":1,"2":1,"3":1,"4":1,"5":1,"6":1,"7":1,"8":1,"9":1,"10":1,"11":1,"12":1,"13":1,"14":1,"15":1,"16":1,"17":1,"18":1,"19":0,"20":0,"21":0,"22":1},"f":{"0":0,"1":0},"b":{"0":[1,0],"1":[0,1]},"_coverageSchema":"1a1c01bbd47fc00a2c39e90264f33305004495a9","hash":"3417446fd4d03d453be6e875c9700e0ad98949af","contentHash":"2cf77c927ad0b38454cc933809021114a054cf8db0fef0b228362f0bb0e2eba6"},"C:\\Users\\ABC\\Desktop\\laibazahid-mern-10pshine\\backend\\config\\db.js":{"path":"C:\\Users\\ABC\\Desktop\\laibazahid-mern-10pshine\\backend\\config\\db.js","statementMap":{"0":{"start":{"line":1,"column":17},"end":{"line":1,"column":36}},"1":{"start":{"line":3,"column":18},"end":{"line":11,"column":1}},"2":{"start":{"line":4,"column":2},"end":{"line":10,"column":3}},"3":{"start":{"line":5,"column":17},"end":{"line":5,"column":62}},"4":{"start":{"line":6,"column":4},"end":{"line":6,"column":64}},"5":{"start":{"line":8,"column":4},"end":{"line":8,"column":65}},"6":{"start":{"line":9,"column":4},"end":{"line":9,"column":20}},"7":{"start":{"line":13,"column":0},"end":{"line":13,"column":27}}},"fnMap":{"0":{"name":"(anonymous_0)","decl":{"start":{"line":3,"column":18},"end":{"line":3,"column":19}},"loc":{"start":{"line":3,"column":30},"end":{"line":11,"column":1}},"line":3}},"branchMap":{},"s":{"0":1,"1":1,"2":0,"3":0,"4":0,"5":0,"6":0,"7":1},"f":{"0":0},"b":{},"_coverageSchema":"1a1c01bbd47fc00a2c39e90264f33305004495a9","hash":"57e00bfcb92c69d3052c90376eafb1a28675adc8","contentHash":"cc417ce45421e435526f378a66fe00e8d12b02f57895ec1fea7f9687435f210e"},"C:\\Users\\ABC\\Desktop\\laibazahid-mern-10pshine\\backend\\routes\\authRoutes.js":{"path":"C:\\Users\\ABC\\Desktop\\laibazahid-mern-10pshine\\backend\\routes\\authRoutes.js","statementMap":{"0":{"start":{"line":1,"column":16},"end":{"line":1,"column":34}},"1":{"start":{"line":2,"column":15},"end":{"line":2,"column":31}},"2":{"start":{"line":3,"column":26},"end":{"line":3,"column":66}},"3":{"start":{"line":10,"column":0},"end":{"line":10,"column":31}},"4":{"start":{"line":17,"column":0},"end":{"line":17,"column":29}},"5":{"start":{"line":19,"column":0},"end":{"line":19,"column":24}}},"fnMap":{},"branchMap":{},"s":{"0":1,"1":1,"2":1,"3":1,"4":1,"5":1},"f":{},"b":{},"_coverageSchema":"1a1c01bbd47fc00a2c39e90264f33305004495a9","hash":"ae47180cd498465c65f2856a4c5c555f507cf8d1","contentHash":"1ce1b32b41faf0525caf72595d541aa07c4b22ed148205892ca29a499f950fc9"},"C:\\Users\\ABC\\Desktop\\laibazahid-mern-10pshine\\backend\\controllers\\authController.js":{"path":"C:\\Users\\ABC\\Desktop\\laibazahid-mern-10pshine\\backend\\controllers\\authController.js","statementMap":{"0":{"start":{"line":1,"column":15},"end":{"line":1,"column":34}},"1":{"start":{"line":2,"column":12},"end":{"line":2,"column":35}},"2":{"start":{"line":3,"column":13},"end":{"line":3,"column":38}},"3":{"start":{"line":6,"column":25},"end":{"line":9,"column":1}},"4":{"start":{"line":7,"column":22},"end":{"line":7,"column":69}},"5":{"start":{"line":8,"column":2},"end":{"line":8,"column":36}},"6":{"start":{"line":12,"column":0},"end":{"line":58,"column":2}},"7":{"start":{"line":13,"column":36},"end":{"line":13,"column":44}},"8":{"start":{"line":15,"column":2},"end":{"line":57,"column":3}},"9":{"start":{"line":16,"column":4},"end":{"line":16,"column":45}},"10":{"start":{"line":19,"column":4},"end":{"line":25,"column":5}},"11":{"start":{"line":20,"column":6},"end":{"line":20,"column":56}},"12":{"start":{"line":21,"column":6},"end":{"line":24,"column":9}},"13":{"start":{"line":28,"column":25},"end":{"line":28,"column":54}},"14":{"start":{"line":29,"column":4},"end":{"line":32,"column":5}},"15":{"start":{"line":30,"column":6},"end":{"line":30,"column":68}},"16":{"start":{"line":31,"column":6},"end":{"line":31,"column":71}},"17":{"start":{"line":35,"column":27},"end":{"line":35,"column":58}},"18":{"start":{"line":38,"column":17},"end":{"line":38,"column":68}},"19":{"start":{"line":39,"column":4},"end":{"line":39,"column":22}},"20":{"start":{"line":41,"column":18},"end":{"line":43,"column":6}},"21":{"start":{"line":45,"column":4},"end":{"line":45,"column":58}},"22":{"start":{"line":47,"column":4},"end":{"line":53,"column":7}},"23":{"start":{"line":55,"column":4},"end":{"line":55,"column":65}},"24":{"start":{"line":56,"column":4},"end":{"line":56,"column":56}},"25":{"start":{"line":61,"column":0},"end":{"line":98,"column":2}},"26":{"start":{"line":62,"column":30},"end":{"line":62,"column":38}},"27":{"start":{"line":64,"column":2},"end":{"line":97,"column":3}},"28":{"start":{"line":65,"column":4},"end":{"line":65,"column":44}},"29":{"start":{"line":68,"column":17},"end":{"line":68,"column":46}},"30":{"start":{"line":69,"column":4},"end":{"line":72,"column":5}},"31":{"start":{"line":70,"column":6},"end":{"line":70,"column":62}},"32":{"start":{"line":71,"column":6},"end":{"line":71,"column":71}},"33":{"start":{"line":75,"column":20},"end":{"line":75,"column":65}},"34":{"start":{"line":76,"column":4},"end":{"line":79,"column":5}},"35":{"start":{"line":77,"column":6},"end":{"line":77,"column":62}},"36":{"start":{"line":78,"column":6},"end":{"line":78,"column":71}},"37":{"start":{"line":81,"column":18},"end":{"line":83,"column":6}},"38":{"start":{"line":85,"column":4},"end":{"line":85,"column":58}},"39":{"start":{"line":87,"column":4},"end":{"line":93,"column":7}},"40":{"start":{"line":95,"column":4},"end":{"line":95,"column":64}},"41":{"start":{"line":96,"column":4},"end":{"line":96,"column":55}}},"fnMap":{"0":{"name":"(anonymous_0)","decl":{"start":{"line":6,"column":25},"end":{"line":6,"column":26}},"loc":{"start":{"line":6,"column":39},"end":{"line":9,"column":1}},"line":6},"1":{"name":"(anonymous_1)","decl":{"start":{"line":12,"column":17},"end":{"line":12,"column":18}},"loc":{"start":{"line":12,"column":37},"end":{"line":58,"column":1}},"line":12},"2":{"name":"(anonymous_2)","decl":{"start":{"line":61,"column":16},"end":{"line":61,"column":17}},"loc":{"start":{"line":61,"column":36},"end":{"line":98,"column":1}},"line":61}},"branchMap":{"0":{"loc":{"start":{"line":19,"column":4},"end":{"line":25,"column":5}},"type":"if","locations":[{"start":{"line":19,"column":4},"end":{"line":25,"column":5}},{"start":{},"end":{}}],"line":19},"1":{"loc":{"start":{"line":29,"column":4},"end":{"line":32,"column":5}},"type":"if","locations":[{"start":{"line":29,"column":4},"end":{"line":32,"column":5}},{"start":{},"end":{}}],"line":29},"2":{"loc":{"start":{"line":69,"column":4},"end":{"line":72,"column":5}},"type":"if","locations":[{"start":{"line":69,"column":4},"end":{"line":72,"column":5}},{"start":{},"end":{}}],"line":69},"3":{"loc":{"start":{"line":76,"column":4},"end":{"line":79,"column":5}},"type":"if","locations":[{"start":{"line":76,"column":4},"end":{"line":79,"column":5}},{"start":{},"end":{}}],"line":76}},"s":{"0":1,"1":1,"2":1,"3":1,"4":0,"5":0,"6":1,"7":0,"8":0,"9":0,"10":0,"11":0,"12":0,"13":0,"14":0,"15":0,"16":0,"17":0,"18":0,"19":0,"20":0,"21":0,"22":0,"23":0,"24":0,"25":1,"26":0,"27":0,"28":0,"29":0,"30":0,"31":0,"32":0,"33":0,"34":0,"35":0,"36":0,"37":0,"38":0,"39":0,"40":0,"41":0},"f":{"0":0,"1":0,"2":0},"b":{"0":[0,0],"1":[0,0],"2":[0,0],"3":[0,0]},"_coverageSchema":"1a1c01bbd47fc00a2c39e90264f33305004495a9","hash":"c4f75ef42d8c2f396f45c300e5dcc4303b92f4ff","contentHash":"ce20bfa975a5b6bb21dcf9bc813c7013c8604f3af1f85dea048b3f10688229e0"},"C:\\Users\\ABC\\Desktop\\laibazahid-mern-10pshine\\backend\\models\\User.js":{"path":"C:\\Users\\ABC\\Desktop\\laibazahid-mern-10pshine\\backend\\models\\User.js","statementMap":{"0":{"start":{"line":1,"column":17},"end":{"line":1,"column":36}},"1":{"start":{"line":3,"column":19},"end":{"line":7,"column":2}},"2":{"start":{"line":9,"column":0},"end":{"line":9,"column":52}}},"fnMap":{},"branchMap":{},"s":{"0":1,"1":1,"2":1},"f":{},"b":{},"_coverageSchema":"1a1c01bbd47fc00a2c39e90264f33305004495a9","hash":"c1231965ad31a748740ac10b7c7cd66aca9e08b6","contentHash":"8f942bf25bb95c6b4f26cc8d5964c8e7ce769aebd5e18910254f50114a3fc229"},"C:\\Users\\ABC\\Desktop\\laibazahid-mern-10pshine\\backend\\routes\\noteRoutes.js":{"path":"C:\\Users\\ABC\\Desktop\\laibazahid-mern-10pshine\\backend\\routes\\noteRoutes.js","statementMap":{"0":{"start":{"line":1,"column":16},"end":{"line":1,"column":34}},"1":{"start":{"line":2,"column":15},"end":{"line":2,"column":31}},"2":{"start":{"line":3,"column":23},"end":{"line":3,"column":63}},"3":{"start":{"line":4,"column":23},"end":{"line":4,"column":62}},"4":{"start":{"line":7,"column":0},"end":{"line":7,"column":57}},"5":{"start":{"line":8,"column":0},"end":{"line":8,"column":60}},"6":{"start":{"line":9,"column":0},"end":{"line":9,"column":62}},"7":{"start":{"line":10,"column":0},"end":{"line":10,"column":65}},"8":{"start":{"line":12,"column":0},"end":{"line":12,"column":24}}},"fnMap":{},"branchMap":{},"s":{"0":1,"1":1,"2":1,"3":1,"4":1,"5":1,"6":1,"7":1,"8":1},"f":{},"b":{},"_coverageSchema":"1a1c01bbd47fc00a2c39e90264f33305004495a9","hash":"d4545c252789bc5d14658fce850580c5d13fb64f","contentHash":"8905214bd8acaacc655d370a4f668308a6a88f27086eb2d22accb6a760e011ed"},"C:\\Users\\ABC\\Desktop\\laibazahid-mern-10pshine\\backend\\controllers\\noteController.js":{"path":"C:\\Users\\ABC\\Desktop\\laibazahid-mern-10pshine\\backend\\controllers\\noteController.js","statementMap":{"0":{"start":{"line":1,"column":13},"end":{"line":1,"column":38}},"1":{"start":{"line":4,"column":0},"end":{"line":14,"column":2}},"2":{"start":{"line":5,"column":2},"end":{"line":13,"column":3}},"3":{"start":{"line":6,"column":4},"end":{"line":6,"column":59}},"4":{"start":{"line":8,"column":18},"end":{"line":8,"column":56}},"5":{"start":{"line":9,"column":4},"end":{"line":9,"column":32}},"6":{"start":{"line":11,"column":4},"end":{"line":11,"column":60}},"7":{"start":{"line":12,"column":4},"end":{"line":12,"column":63}},"8":{"start":{"line":17,"column":0},"end":{"line":35,"column":2}},"9":{"start":{"line":18,"column":2},"end":{"line":34,"column":3}},"10":{"start":{"line":19,"column":31},"end":{"line":19,"column":39}},"11":{"start":{"line":21,"column":17},"end":{"line":25,"column":6}},"12":{"start":{"line":27,"column":4},"end":{"line":27,"column":22}},"13":{"start":{"line":28,"column":4},"end":{"line":28,"column":79}},"14":{"start":{"line":30,"column":4},"end":{"line":30,"column":31}},"15":{"start":{"line":32,"column":4},"end":{"line":32,"column":59}},"16":{"start":{"line":33,"column":4},"end":{"line":33,"column":63}},"17":{"start":{"line":38,"column":0},"end":{"line":60,"column":2}},"18":{"start":{"line":39,"column":2},"end":{"line":59,"column":3}},"19":{"start":{"line":40,"column":19},"end":{"line":40,"column":32}},"20":{"start":{"line":41,"column":31},"end":{"line":41,"column":39}},"21":{"start":{"line":43,"column":17},"end":{"line":47,"column":5}},"22":{"start":{"line":49,"column":4},"end":{"line":52,"column":5}},"23":{"start":{"line":50,"column":6},"end":{"line":50,"column":69}},"24":{"start":{"line":51,"column":6},"end":{"line":51,"column":65}},"25":{"start":{"line":54,"column":4},"end":{"line":54,"column":72}},"26":{"start":{"line":55,"column":4},"end":{"line":55,"column":31}},"27":{"start":{"line":57,"column":4},"end":{"line":57,"column":59}},"28":{"start":{"line":58,"column":4},"end":{"line":58,"column":63}},"29":{"start":{"line":63,"column":0},"end":{"line":83,"column":2}},"30":{"start":{"line":64,"column":2},"end":{"line":82,"column":3}},"31":{"start":{"line":65,"column":19},"end":{"line":65,"column":32}},"32":{"start":{"line":67,"column":17},"end":{"line":70,"column":6}},"33":{"start":{"line":72,"column":4},"end":{"line":75,"column":5}},"34":{"start":{"line":73,"column":6},"end":{"line":73,"column":76}},"35":{"start":{"line":74,"column":6},"end":{"line":74,"column":65}},"36":{"start":{"line":77,"column":4},"end":{"line":77,"column":72}},"37":{"start":{"line":78,"column":4},"end":{"line":78,"column":54}},"38":{"start":{"line":80,"column":4},"end":{"line":80,"column":59}},"39":{"start":{"line":81,"column":4},"end":{"line":81,"column":63}}},"fnMap":{"0":{"name":"(anonymous_0)","decl":{"start":{"line":4,"column":19},"end":{"line":4,"column":20}},"loc":{"start":{"line":4,"column":39},"end":{"line":14,"column":1}},"line":4},"1":{"name":"(anonymous_1)","decl":{"start":{"line":17,"column":21},"end":{"line":17,"column":22}},"loc":{"start":{"line":17,"column":41},"end":{"line":35,"column":1}},"line":17},"2":{"name":"(anonymous_2)","decl":{"start":{"line":38,"column":21},"end":{"line":38,"column":22}},"loc":{"start":{"line":38,"column":41},"end":{"line":60,"column":1}},"line":38},"3":{"name":"(anonymous_3)","decl":{"start":{"line":63,"column":21},"end":{"line":63,"column":22}},"loc":{"start":{"line":63,"column":41},"end":{"line":83,"column":1}},"line":63}},"branchMap":{"0":{"loc":{"start":{"line":49,"column":4},"end":{"line":52,"column":5}},"type":"if","locations":[{"start":{"line":49,"column":4},"end":{"line":52,"column":5}},{"start":{},"end":{}}],"line":49},"1":{"loc":{"start":{"line":72,"column":4},"end":{"line":75,"column":5}},"type":"if","locations":[{"start":{"line":72,"column":4},"end":{"line":75,"column":5}},{"start":{},"end":{}}],"line":72}},"s":{"0":1,"1":1,"2":0,"3":0,"4":0,"5":0,"6":0,"7":0,"8":1,"9":0,"10":0,"11":0,"12":0,"13":0,"14":0,"15":0,"16":0,"17":1,"18":0,"19":0,"20":0,"21":0,"22":0,"23":0,"24":0,"25":0,"26":0,"27":0,"28":0,"29":1,"30":0,"31":0,"32":0,"33":0,"34":0,"35":0,"36":0,"37":0,"38":0,"39":0},"f":{"0":0,"1":0,"2":0,"3":0},"b":{"0":[0,0],"1":[0,0]},"_coverageSchema":"1a1c01bbd47fc00a2c39e90264f33305004495a9","hash":"f72ab2b004f8fdb41d640b90838e5371196c9461","contentHash":"0d288499009f3d021511512f5863a0f66882c4c134444effdb7bfb60fe2c3167"},"C:\\Users\\ABC\\Desktop\\laibazahid-mern-10pshine\\backend\\models\\Note.js":{"path":"C:\\Users\\ABC\\Desktop\\laibazahid-mern-10pshine\\backend\\models\\Note.js","statementMap":{"0":{"start":{"line":1,"column":17},"end":{"line":1,"column":36}},"1":{"start":{"line":3,"column":19},"end":{"line":25,"column":1}},"2":{"start":{"line":27,"column":0},"end":{"line":27,"column":52}}},"fnMap":{},"branchMap":{},"s":{"0":1,"1":1,"2":1},"f":{},"b":{},"_coverageSchema":"1a1c01bbd47fc00a2c39e90264f33305004495a9","hash":"29779eb54460bad7c6d9691d3aa794a93e6812cd","contentHash":"3d4f89bd178ef28271f944b16c172790fe73d9a9d9c6c1778fc2868e1acd0fca"},"C:\\Users\\ABC\\Desktop\\laibazahid-mern-10pshine\\backend\\middleware\\authMiddleware.js":{"path":"C:\\Users\\ABC\\Desktop\\laibazahid-mern-10pshine\\backend\\middleware\\authMiddleware.js","statementMap":{"0":{"start":{"line":1,"column":12},"end":{"line":1,"column":35}},"1":{"start":{"line":2,"column":19},"end":{"line":2,"column":60}},"2":{"start":{"line":4,"column":23},"end":{"line":21,"column":1}},"3":{"start":{"line":5,"column":21},"end":{"line":5,"column":46}},"4":{"start":{"line":7,"column":2},"end":{"line":9,"column":3}},"5":{"start":{"line":8,"column":4},"end":{"line":8,"column":80}},"6":{"start":{"line":11,"column":16},"end":{"line":11,"column":40}},"7":{"start":{"line":13,"column":2},"end":{"line":20,"column":3}},"8":{"start":{"line":14,"column":20},"end":{"line":14,"column":49}},"9":{"start":{"line":15,"column":4},"end":{"line":15,"column":23}},"10":{"start":{"line":16,"column":4},"end":{"line":16,"column":11}},"11":{"start":{"line":18,"column":4},"end":{"line":18,"column":59}},"12":{"start":{"line":19,"column":4},"end":{"line":19,"column":87}},"13":{"start":{"line":23,"column":0},"end":{"line":23,"column":32}}},"fnMap":{"0":{"name":"(anonymous_0)","decl":{"start":{"line":4,"column":23},"end":{"line":4,"column":24}},"loc":{"start":{"line":4,"column":43},"end":{"line":21,"column":1}},"line":4}},"branchMap":{"0":{"loc":{"start":{"line":2,"column":19},"end":{"line":2,"column":60}},"type":"binary-expr","locations":[{"start":{"line":2,"column":19},"end":{"line":2,"column":41}},{"start":{"line":2,"column":45},"end":{"line":2,"column":60}}],"line":2},"1":{"loc":{"start":{"line":7,"column":2},"end":{"line":9,"column":3}},"type":"if","locations":[{"start":{"line":7,"column":2},"end":{"line":9,"column":3}},{"start":{},"end":{}}],"line":7},"2":{"loc":{"start":{"line":7,"column":6},"end":{"line":7,"column":54}},"type":"binary-expr","locations":[{"start":{"line":7,"column":6},"end":{"line":7,"column":17}},{"start":{"line":7,"column":21},"end":{"line":7,"column":54}}],"line":7}},"s":{"0":1,"1":1,"2":1,"3":0,"4":0,"5":0,"6":0,"7":0,"8":0,"9":0,"10":0,"11":0,"12":0,"13":1},"f":{"0":0},"b":{"0":[1,1],"1":[0,0],"2":[0,0]},"_coverageSchema":"1a1c01bbd47fc00a2c39e90264f33305004495a9","hash":"026aafd0b4e4fb763d7f98c531bebb1da8f76404","contentHash":"f3e3ec6a300c9c9484657361d1f81fb425c3d51ab5aed51ade4fa48b1b37162f"},"C:\\Users\\ABC\\Desktop\\laibazahid-mern-10pshine\\backend\\routes\\userRoutes.js":{"path":"C:\\Users\\ABC\\Desktop\\laibazahid-mern-10pshine\\backend\\routes\\userRoutes.js","statementMap":{"0":{"start":{"line":1,"column":16},"end":{"line":1,"column":34}},"1":{"start":{"line":2,"column":15},"end":{"line":2,"column":31}},"2":{"start":{"line":3,"column":46},"end":{"line":3,"column":86}},"3":{"start":{"line":4,"column":23},"end":{"line":4,"column":62}},"4":{"start":{"line":11,"column":0},"end":{"line":11,"column":35}},"5":{"start":{"line":18,"column":0},"end":{"line":18,"column":33}},"6":{"start":{"line":25,"column":0},"end":{"line":25,"column":51}},"7":{"start":{"line":27,"column":0},"end":{"line":27,"column":24}}},"fnMap":{},"branchMap":{},"s":{"0":1,"1":1,"2":1,"3":1,"4":1,"5":1,"6":1,"7":1},"f":{},"b":{},"_coverageSchema":"1a1c01bbd47fc00a2c39e90264f33305004495a9","hash":"61a8d85478422e7a62413610fcdb8f32d6f8f65c","contentHash":"859e6f58e7693f135b0fd106912de498539d99b1a92ac38955217ff95ff60d42"},"C:\\Users\\ABC\\Desktop\\laibazahid-mern-10pshine\\backend\\controllers\\userController.js":{"path":"C:\\Users\\ABC\\Desktop\\laibazahid-mern-10pshine\\backend\\controllers\\userController.js","statementMap":{"0":{"start":{"line":1,"column":15},"end":{"line":1,"column":34}},"1":{"start":{"line":2,"column":12},"end":{"line":2,"column":35}},"2":{"start":{"line":3,"column":13},"end":{"line":3,"column":38}},"3":{"start":{"line":6,"column":0},"end":{"line":39,"column":2}},"4":{"start":{"line":7,"column":36},"end":{"line":7,"column":44}},"5":{"start":{"line":9,"column":2},"end":{"line":38,"column":3}},"6":{"start":{"line":10,"column":4},"end":{"line":10,"column":45}},"7":{"start":{"line":12,"column":25},"end":{"line":12,"column":54}},"8":{"start":{"line":13,"column":4},"end":{"line":16,"column":5}},"9":{"start":{"line":14,"column":6},"end":{"line":14,"column":60}},"10":{"start":{"line":15,"column":6},"end":{"line":15,"column":71}},"11":{"start":{"line":18,"column":27},"end":{"line":18,"column":58}},"12":{"start":{"line":19,"column":17},"end":{"line":19,"column":68}},"13":{"start":{"line":20,"column":4},"end":{"line":20,"column":22}},"14":{"start":{"line":22,"column":18},"end":{"line":24,"column":6}},"15":{"start":{"line":26,"column":4},"end":{"line":26,"column":45}},"16":{"start":{"line":28,"column":4},"end":{"line":34,"column":7}},"17":{"start":{"line":36,"column":4},"end":{"line":36,"column":65}},"18":{"start":{"line":37,"column":4},"end":{"line":37,"column":56}},"19":{"start":{"line":42,"column":0},"end":{"line":77,"column":2}},"20":{"start":{"line":43,"column":30},"end":{"line":43,"column":38}},"21":{"start":{"line":45,"column":2},"end":{"line":76,"column":3}},"22":{"start":{"line":46,"column":4},"end":{"line":46,"column":44}},"23":{"start":{"line":48,"column":17},"end":{"line":48,"column":46}},"24":{"start":{"line":49,"column":4},"end":{"line":52,"column":5}},"25":{"start":{"line":50,"column":6},"end":{"line":50,"column":61}},"26":{"start":{"line":51,"column":6},"end":{"line":51,"column":71}},"27":{"start":{"line":54,"column":20},"end":{"line":54,"column":65}},"28":{"start":{"line":55,"column":4},"end":{"line":58,"column":5}},"29":{"start":{"line":56,"column":6},"end":{"line":56,"column":62}},"30":{"start":{"line":57,"column":6},"end":{"line":57,"column":71}},"31":{"start":{"line":60,"column":18},"end":{"line":62,"column":6}},"32":{"start":{"line":64,"column":4},"end":{"line":64,"column":45}},"33":{"start":{"line":66,"column":4},"end":{"line":72,"column":7}},"34":{"start":{"line":74,"column":4},"end":{"line":74,"column":64}},"35":{"start":{"line":75,"column":4},"end":{"line":75,"column":55}},"36":{"start":{"line":80,"column":0},"end":{"line":95,"column":2}},"37":{"start":{"line":81,"column":2},"end":{"line":94,"column":3}},"38":{"start":{"line":82,"column":17},"end":{"line":82,"column":69}},"39":{"start":{"line":84,"column":4},"end":{"line":87,"column":5}},"40":{"start":{"line":85,"column":6},"end":{"line":85,"column":68}},"41":{"start":{"line":86,"column":6},"end":{"line":86,"column":66}},"42":{"start":{"line":89,"column":4},"end":{"line":89,"column":64}},"43":{"start":{"line":90,"column":4},"end":{"line":90,"column":31}},"44":{"start":{"line":92,"column":4},"end":{"line":92,"column":62}},"45":{"start":{"line":93,"column":4},"end":{"line":93,"column":66}}},"fnMap":{"0":{"name":"(anonymous_0)","decl":{"start":{"line":6,"column":21},"end":{"line":6,"column":22}},"loc":{"start":{"line":6,"column":41},"end":{"line":39,"column":1}},"line":6},"1":{"name":"(anonymous_1)","decl":{"start":{"line":42,"column":20},"end":{"line":42,"column":21}},"loc":{"start":{"line":42,"column":40},"end":{"line":77,"column":1}},"line":42},"2":{"name":"(anonymous_2)","decl":{"start":{"line":80,"column":21},"end":{"line":80,"column":22}},"loc":{"start":{"line":80,"column":41},"end":{"line":95,"column":1}},"line":80}},"branchMap":{"0":{"loc":{"start":{"line":13,"column":4},"end":{"line":16,"column":5}},"type":"if","locations":[{"start":{"line":13,"column":4},"end":{"line":16,"column":5}},{"start":{},"end":{}}],"line":13},"1":{"loc":{"start":{"line":49,"column":4},"end":{"line":52,"column":5}},"type":"if","locations":[{"start":{"line":49,"column":4},"end":{"line":52,"column":5}},{"start":{},"end":{}}],"line":49},"2":{"loc":{"start":{"line":55,"column":4},"end":{"line":58,"column":5}},"type":"if","locations":[{"start":{"line":55,"column":4},"end":{"line":58,"column":5}},{"start":{},"end":{}}],"line":55},"3":{"loc":{"start":{"line":84,"column":4},"end":{"line":87,"column":5}},"type":"if","locations":[{"start":{"line":84,"column":4},"end":{"line":87,"column":5}},{"start":{},"end":{}}],"line":84}},"s":{"0":1,"1":1,"2":1,"3":1,"4":0,"5":0,"6":0,"7":0,"8":0,"9":0,"10":0,"11":0,"12":0,"13":0,"14":0,"15":0,"16":0,"17":0,"18":0,"19":1,"20":0,"21":0,"22":0,"23":0,"24":0,"25":0,"26":0,"27":0,"28":0,"29":0,"30":0,"31":0,"32":0,"33":0,"34":0,"35":0,"36":1,"37":0,"38":0,"39":0,"40":0,"41":0,"42":0,"43":0,"44":0,"45":0},"f":{"0":0,"1":0,"2":0},"b":{"0":[0,0],"1":[0,0],"2":[0,0],"3":[0,0]},"_coverageSchema":"1a1c01bbd47fc00a2c39e90264f33305004495a9","hash":"f218d0c42d0fe12b3b37e8f73720a70f642cf50e","contentHash":"85c83e02c7238ae92b233160b468bc03d5657c897f12c9274087fff491f0e72a"},"C:\\Users\\ABC\\Desktop\\laibazahid-mern-10pshine\\backend\\utils\\logger.js":{"path":"C:\\Users\\ABC\\Desktop\\laibazahid-mern-10pshine\\backend\\utils\\logger.js","statementMap":{"0":{"start":{"line":1,"column":13},"end":{"line":1,"column":28}},"1":{"start":{"line":3,"column":15},"end":{"line":13,"column":2}},"2":{"start":{"line":15,"column":0},"end":{"line":15,"column":24}}},"fnMap":{},"branchMap":{},"s":{"0":1,"1":1,"2":1},"f":{},"b":{},"_coverageSchema":"1a1c01bbd47fc00a2c39e90264f33305004495a9","hash":"71110a62113fb9c0c240763e081315859d10221e","contentHash":"eb2fce620742b69fa6aead5b9f9c3647b2efef5c033805c675ac4c4007f552bb"}}